<?xml version="1.0" encoding="UTF-8"?>
<!-- Generated by org.testng.reporters.JUnitReportReporter -->
<testsuite hostname="Raviteja-Yendamuri" failures="0" tests="1" name="com.Test1.OpenBrowser" time="24.818" errors="0" timestamp="2021-05-29T13:21:28 IST" skipped="0">
  <testcase classname="com.Test1.OpenBrowser" name="setChromePath" time="24.818"/>
  <system-out/>
</testsuite> <!-- com.Test1.OpenBrowser -->
